{"contracts/interfaces/AggregatorV3Interface.sol":{"l":{},"path":"/home/felix/folder/own-project/DCA-protocol/contracts/interfaces/AggregatorV3Interface.sol","s":{},"b":{},"f":{},"fnMap":{},"statementMap":{},"branchMap":{}},"contracts/interfaces/IERC20.sol":{"l":{},"path":"/home/felix/folder/own-project/DCA-protocol/contracts/interfaces/IERC20.sol","s":{},"b":{},"f":{},"fnMap":{},"statementMap":{},"branchMap":{}},"contracts/TimeLock.sol":{"l":{"28":4,"29":2,"33":3,"34":3,"35":3,"40":9,"41":9,"42":9,"46":5,"48":5,"49":5,"53":1,"57":1,"77":6,"78":6,"79":6,"80":6,"86":4,"87":4,"88":1,"93":3,"94":3,"95":3,"99":0,"103":4,"107":19,"111":0,"115":2,"119":19},"path":"/home/felix/folder/own-project/DCA-protocol/contracts/TimeLock.sol","s":{"1":4,"2":3,"3":3,"4":3,"5":9,"6":9,"7":9,"8":5,"9":5,"10":5,"11":1,"12":1,"13":6,"14":6,"15":6,"16":6,"17":4,"18":4,"19":3,"20":3,"21":3,"22":0,"23":4,"24":19,"25":0,"26":2,"27":19},"b":{"1":[2,2],"2":[5,0],"3":[1,3]},"f":{"1":4,"2":3,"3":9,"4":5,"5":1,"6":1,"7":6,"8":4,"9":0,"10":4,"11":19,"12":0,"13":2,"14":19},"fnMap":{"1":{"name":"onlyOwner","line":27,"loc":{"start":{"line":27,"column":4},"end":{"line":30,"column":4}}},"2":{"name":"constructor","line":32,"loc":{"start":{"line":32,"column":4},"end":{"line":36,"column":4}}},"3":{"name":"deposit","line":39,"loc":{"start":{"line":39,"column":4},"end":{"line":43,"column":4}}},"4":{"name":"withdraw","line":45,"loc":{"start":{"line":45,"column":4},"end":{"line":50,"column":4}}},"5":{"name":"changeInterval","line":52,"loc":{"start":{"line":52,"column":4},"end":{"line":54,"column":4}}},"6":{"name":"changeAmount","line":56,"loc":{"start":{"line":56,"column":4},"end":{"line":58,"column":4}}},"7":{"name":"checkUpkeep","line":66,"loc":{"start":{"line":66,"column":4},"end":{"line":81,"column":4}}},"8":{"name":"performUpkeep","line":83,"loc":{"start":{"line":83,"column":4},"end":{"line":96,"column":4}}},"9":{"name":"getBal","line":98,"loc":{"start":{"line":98,"column":4},"end":{"line":100,"column":4}}},"10":{"name":"getLastTimeStamp","line":102,"loc":{"start":{"line":102,"column":4},"end":{"line":104,"column":4}}},"11":{"name":"getInterval","line":106,"loc":{"start":{"line":106,"column":4},"end":{"line":108,"column":4}}},"12":{"name":"getNumberOfUser","line":110,"loc":{"start":{"line":110,"column":4},"end":{"line":112,"column":4}}},"13":{"name":"getUser","line":114,"loc":{"start":{"line":114,"column":4},"end":{"line":116,"column":4}}},"14":{"name":"getAmount","line":118,"loc":{"start":{"line":118,"column":4},"end":{"line":120,"column":4}}}},"statementMap":{"1":{"start":{"line":28,"column":8},"end":{"line":28,"column":37}},"2":{"start":{"line":33,"column":8},"end":{"line":33,"column":25}},"3":{"start":{"line":34,"column":8},"end":{"line":34,"column":29}},"4":{"start":{"line":35,"column":8},"end":{"line":35,"column":27}},"5":{"start":{"line":40,"column":8},"end":{"line":40,"column":40}},"6":{"start":{"line":41,"column":8},"end":{"line":41,"column":39}},"7":{"start":{"line":42,"column":8},"end":{"line":42,"column":40}},"8":{"start":{"line":46,"column":8},"end":{"line":46,"column":39}},"9":{"start":{"line":48,"column":8},"end":{"line":48,"column":64}},"10":{"start":{"line":49,"column":8},"end":{"line":49,"column":42}},"11":{"start":{"line":53,"column":8},"end":{"line":53,"column":34}},"12":{"start":{"line":57,"column":8},"end":{"line":57,"column":30}},"13":{"start":{"line":77,"column":8},"end":{"line":77,"column":76}},"14":{"start":{"line":78,"column":8},"end":{"line":78,"column":51}},"15":{"start":{"line":79,"column":8},"end":{"line":79,"column":48}},"16":{"start":{"line":80,"column":8},"end":{"line":80,"column":36}},"17":{"start":{"line":86,"column":8},"end":{"line":86,"column":47}},"18":{"start":{"line":87,"column":8},"end":{"line":87,"column":2413}},"19":{"start":{"line":93,"column":8},"end":{"line":93,"column":40}},"20":{"start":{"line":94,"column":8},"end":{"line":94,"column":17}},"21":{"start":{"line":95,"column":8},"end":{"line":95,"column":29}},"22":{"start":{"line":99,"column":8},"end":{"line":99,"column":36}},"23":{"start":{"line":103,"column":8},"end":{"line":103,"column":30}},"24":{"start":{"line":107,"column":8},"end":{"line":107,"column":25}},"25":{"start":{"line":111,"column":8},"end":{"line":111,"column":28}},"26":{"start":{"line":115,"column":8},"end":{"line":115,"column":28}},"27":{"start":{"line":119,"column":8},"end":{"line":119,"column":23}}},"branchMap":{"1":{"line":28,"type":"if","locations":[{"start":{"line":28,"column":8},"end":{"line":28,"column":8}},{"start":{"line":28,"column":8},"end":{"line":28,"column":8}}]},"2":{"line":49,"type":"if","locations":[{"start":{"line":49,"column":8},"end":{"line":49,"column":8}},{"start":{"line":49,"column":8},"end":{"line":49,"column":8}}]},"3":{"line":87,"type":"if","locations":[{"start":{"line":87,"column":8},"end":{"line":87,"column":8}},{"start":{"line":87,"column":8},"end":{"line":87,"column":8}}]}}}}